<?xml version="1.0" encoding="utf-8"?><testsuites name="pytest tests"><testsuite name="pytest" errors="0" failures="0" skipped="1" tests="33" time="3.945" timestamp="2026-06-02T23:58:27.540274+00:00" hostname="agent-env-3cd4e319-9cd3-4768-9f74-0edd0c86b6df"><testcase classname="backend.tests.test_agentforge" name="test_health" time="0.132" /><testcase classname="backend.tests.test_agentforge" name="test_profile_auto_create" time="0.048" /><testcase classname="backend.tests.test_agentforge" name="test_profile_settings_persist" time="0.131" /><testcase classname="backend.tests.test_agentforge" name="test_missing_device_id_400" time="0.104" /><testcase classname="backend.tests.test_agentforge" name="test_campaign_only_first_unlocked" time="0.104" /><testcase classname="backend.tests.test_agentforge" name="test_level_detail_first_unlocked" time="0.141" /><testcase classname="backend.tests.test_agentforge" name="test_level_detail_404" time="0.044" /><testcase classname="backend.tests.test_agentforge" name="test_complete_all_missions_for_a_rich_level" time="0.534" /><testcase classname="backend.tests.test_agentforge" name="test_mission_idempotent_no_double_xp" time="0.211" /><testcase classname="backend.tests.test_agentforge" name="test_list_challenges" time="0.047" /><testcase classname="backend.tests.test_agentforge" name="test_select_multiple_correct" time="0.059" /><testcase classname="backend.tests.test_agentforge" name="test_select_multiple_wrong_no_penalty" time="0.100" /><testcase classname="backend.tests.test_agentforge" name="test_edit_json_valid" time="0.054" /><testcase classname="backend.tests.test_agentforge" name="test_edit_json_invalid" time="0.045" /><testcase classname="backend.tests.test_agentforge" name="test_lab_scenarios" time="0.056" /><testcase classname="backend.tests.test_agentforge" name="test_lab_run_mocked" time="0.046" /><testcase classname="backend.tests.test_agentforge" name="test_lab_build_save_list_delete" time="0.283" /><testcase classname="backend.tests.test_agentforge" name="test_braindump_crud" time="0.247" /><testcase classname="backend.tests.test_agentforge" name="test_review_due_and_grade" time="0.120" /><testcase classname="backend.tests.test_agentforge" name="test_skills" time="0.054" /><testcase classname="backend.tests.test_agentforge" name="test_badges" time="0.048" /><testcase classname="backend.tests.test_agentforge" name="test_daily" time="0.054" /><testcase classname="backend.tests.test_agentforge" name="test_notif_prefs" time="0.133" /><testcase classname="backend.tests.test_agentforge" name="test_locked_level_still_visible" time="0.000"><skipped type="pytest.skip" message="UNLOCK_ALL=true — no locked levels available to test">/app/backend/tests/test_agentforge.py:353: UNLOCK_ALL=true — no locked levels available to test</skipped></testcase><testcase classname="backend.tests.test_forks" name="test_forks_summary" time="0.146" /><testcase classname="backend.tests.test_forks" name="test_fork_detail_mit1806" time="0.057" /><testcase classname="backend.tests.test_forks" name="test_fork_detail_404" time="0.053" /><testcase classname="backend.tests.test_forks" name="test_anchor_level_has_forks_array" time="0.063" /><testcase classname="backend.tests.test_forks" name="test_fork_level_detail_mit1806_01" time="0.070" /><testcase classname="backend.tests.test_forks" name="test_complete_watch_mission_awards_30_xp" time="0.156" /><testcase classname="backend.tests.test_forks" name="test_complete_all_missions_mit1806_01_level_complete_and_review_seeds" time="0.415" /><testcase classname="backend.tests.test_forks" name="test_fork_checkpoint_has_boss_mission[mit1806-13]" time="0.056" /><testcase classname="backend.tests.test_forks" name="test_fork_checkpoint_has_boss_mission[mit1806-34]" time="0.057" /></testsuite></testsuites>