<?xml version="1.0" encoding="utf-8"?><testsuites name="pytest tests"><testsuite name="pytest" errors="0" failures="0" skipped="0" tests="24" time="6.033" timestamp="2026-06-02T22:48:10.546976+00:00" hostname="agent-env-3cd4e319-9cd3-4768-9f74-0edd0c86b6df"><testcase classname="backend.tests.test_agentforge" name="test_health" time="0.153" /><testcase classname="backend.tests.test_agentforge" name="test_profile_auto_create" time="0.049" /><testcase classname="backend.tests.test_agentforge" name="test_profile_settings_persist" time="0.105" /><testcase classname="backend.tests.test_agentforge" name="test_missing_device_id_400" time="3.175" /><testcase classname="backend.tests.test_agentforge" name="test_campaign_only_first_unlocked" time="0.087" /><testcase classname="backend.tests.test_agentforge" name="test_level_detail_first_unlocked" time="0.141" /><testcase classname="backend.tests.test_agentforge" name="test_level_detail_404" time="0.046" /><testcase classname="backend.tests.test_agentforge" name="test_complete_all_missions_for_a_rich_level" time="0.583" /><testcase classname="backend.tests.test_agentforge" name="test_mission_idempotent_no_double_xp" time="0.209" /><testcase classname="backend.tests.test_agentforge" name="test_list_challenges" time="0.048" /><testcase classname="backend.tests.test_agentforge" name="test_select_multiple_correct" time="0.059" /><testcase classname="backend.tests.test_agentforge" name="test_select_multiple_wrong_no_penalty" time="0.103" /><testcase classname="backend.tests.test_agentforge" name="test_edit_json_valid" time="0.059" /><testcase classname="backend.tests.test_agentforge" name="test_edit_json_invalid" time="0.046" /><testcase classname="backend.tests.test_agentforge" name="test_lab_scenarios" time="0.050" /><testcase classname="backend.tests.test_agentforge" name="test_lab_run_mocked" time="0.048" /><testcase classname="backend.tests.test_agentforge" name="test_lab_build_save_list_delete" time="0.199" /><testcase classname="backend.tests.test_agentforge" name="test_braindump_crud" time="0.247" /><testcase classname="backend.tests.test_agentforge" name="test_review_due_and_grade" time="0.114" /><testcase classname="backend.tests.test_agentforge" name="test_skills" time="0.058" /><testcase classname="backend.tests.test_agentforge" name="test_badges" time="0.048" /><testcase classname="backend.tests.test_agentforge" name="test_daily" time="0.054" /><testcase classname="backend.tests.test_agentforge" name="test_notif_prefs" time="0.148" /><testcase classname="backend.tests.test_agentforge" name="test_locked_level_still_visible" time="0.130" /></testsuite></testsuites>